<?xml version="1.0" encoding="UTF-8"?>
<!-- Generated by org.testng.reporters.JUnitXMLReporter -->
<testsuite ignored="0" hostname="sruthi" failures="0" tests="5" name="Test" time="27.292" errors="0" timestamp="2024-06-28T18:44:32 IST">
  <testcase classname="com.demowebshop.tests.LoginTest" name="verifyUserIsAbleToLoginWithValidCreds" time="1.292"/>
  <testcase classname="com.demowebshop.tests.SubscribeTest" name="verifyUserIsAbleToSubscribeNewsLetter" time="3.259"/>
  <testcase classname="com.demowebshop.tests.RegisterationTest" name="verifyUserIsAbleToRegisterWithValidCreds" time="2.064"/>
  <testcase classname="com.demowebshop.tests.SearchTest" name="verifyUserIsAbleToSeeOnlySearchedItems" time="0.8"/>
  <testcase classname="com.demowebshop.tests.PurchaseTest" name="verifyUserIsAbleToBuyAProduct" time="9.025"/>
</testsuite> <!-- Test -->
